{
  "stats": {
    "suites": 2,
    "tests": 3,
    "passes": 2,
    "pending": 0,
    "failures": 1,
    "start": "2022-10-12T12:14:19.316Z",
    "end": "2022-10-12T12:16:01.224Z",
    "duration": 101908,
    "testsRegistered": 3,
    "passPercent": 66.66666666666666,
    "pendingPercent": 0,
    "other": 0,
    "hasOther": false,
    "skipped": 0,
    "hasSkipped": false
  },
  "results": [
    {
      "uuid": "8c8ade5d-b595-4f22-9a01-8a4a4bc1d2ff",
      "title": "",
      "fullFile": "cypress/integration/ecom.spec.js",
      "file": "cypress/integration/ecom.spec.js",
      "beforeHooks": [],
      "afterHooks": [],
      "tests": [],
      "suites": [
        {
          "uuid": "6ff67a4d-8b6e-4033-812a-0b5ca608b0c1",
          "title": "Visit Popular Ecom",
          "fullFile": "",
          "file": "",
          "beforeHooks": [],
          "afterHooks": [],
          "tests": [
            {
              "title": "Visits Amazon",
              "fullTitle": "Visit Popular Ecom Visits Amazon",
              "timedOut": null,
              "duration": 60237,
              "state": "failed",
              "speed": null,
              "pass": false,
              "fail": true,
              "pending": false,
              "context": "{\n  \"title\": \"cypress-mochawesome-reporter-screenshots\",\n  \"value\": [\n    [\n      {\n        \"title\": \"Failed screenshot\",\n        \"value\": \"/ecom.spec.js/Visit Popular Ecom -- Visits Amazon (failed).png\"\n      }\n    ]\n  ]\n}",
              "code": "cy.visit('https://amazon.com');\nexpect(true).to.equal(true);",
              "err": {
                "message": "CypressError: Timed out after waiting `60000ms` for your remote page to load.\n\nYour page did not fire its `load` event within `60000ms`.\n\nYou can try increasing the `pageLoadTimeout` value in `cypress.json` to wait longer.\n\nBrowsers will not fire the `load` event until all stylesheets and scripts are done downloading.\n\nWhen this `load` event occurs, Cypress will continue running commands.",
                "estack": "CypressError: Timed out after waiting `60000ms` for your remote page to load.\n\nYour page did not fire its `load` event within `60000ms`.\n\nYou can try increasing the `pageLoadTimeout` value in `cypress.json` to wait longer.\n\nBrowsers will not fire the `load` event until all stylesheets and scripts are done downloading.\n\nWhen this `load` event occurs, Cypress will continue running commands.\n    at timedOutWaitingForPageLoad (http://localhost:42981/__cypress/runner/cypress_runner.js:158301:72)\n    at http://localhost:42981/__cypress/runner/cypress_runner.js:159354:16\n    at tryCatcher (http://localhost:42981/__cypress/runner/cypress_runner.js:13022:23)\n    at http://localhost:42981/__cypress/runner/cypress_runner.js:8144:41\n    at tryCatcher (http://localhost:42981/__cypress/runner/cypress_runner.js:13022:23)\n    at Promise._settlePromiseFromHandler (http://localhost:42981/__cypress/runner/cypress_runner.js:10957:31)\n    at Promise._settlePromise (http://localhost:42981/__cypress/runner/cypress_runner.js:11014:18)\n    at Promise._settlePromise0 (http://localhost:42981/__cypress/runner/cypress_runner.js:11059:10)\n    at Promise._settlePromises (http://localhost:42981/__cypress/runner/cypress_runner.js:11135:18)\n    at _drainQueueStep (http://localhost:42981/__cypress/runner/cypress_runner.js:7729:12)\n    at _drainQueue (http://localhost:42981/__cypress/runner/cypress_runner.js:7722:9)\n    at Async.../../node_modules/bluebird/js/release/async.js.Async._drainQueues (http://localhost:42981/__cypress/runner/cypress_runner.js:7738:5)\n    at Async.drainQueues (http://localhost:42981/__cypress/runner/cypress_runner.js:7608:14)\nFrom Your Spec Code:\n    at Context.eval (http://localhost:42981/__cypress/tests?p=cypress/integration/ecom.spec.js:103:5)",
                "diff": null
              },
              "uuid": "1f387a67-5d23-460c-b448-69e6d04aefd5",
              "parentUUID": "6ff67a4d-8b6e-4033-812a-0b5ca608b0c1",
              "isHook": false,
              "skipped": false
            },
            {
              "title": "Visits Flipkart",
              "fullTitle": "Visit Popular Ecom Visits Flipkart",
              "timedOut": null,
              "duration": 4112,
              "state": "passed",
              "speed": "fast",
              "pass": true,
              "fail": false,
              "pending": false,
              "context": null,
              "code": "cy.visit('https://flipkart.com');\nexpect(true).to.equal(true);",
              "err": {},
              "uuid": "376bab32-a628-4265-b8cd-90a49a78bb97",
              "parentUUID": "6ff67a4d-8b6e-4033-812a-0b5ca608b0c1",
              "isHook": false,
              "skipped": false
            }
          ],
          "suites": [],
          "passes": [
            "376bab32-a628-4265-b8cd-90a49a78bb97"
          ],
          "failures": [
            "1f387a67-5d23-460c-b448-69e6d04aefd5"
          ],
          "pending": [],
          "skipped": [],
          "duration": 64349,
          "root": false,
          "rootEmpty": false,
          "_timeout": 2000
        },
        {
          "uuid": "255c429b-57b3-4e5b-bc60-19cdb08c2be5",
          "title": "Visit Popular Fashion Site",
          "fullFile": "",
          "file": "",
          "beforeHooks": [],
          "afterHooks": [],
          "tests": [
            {
              "title": "Visits Ajio",
              "fullTitle": "Visit Popular Fashion Site Visits Ajio",
              "timedOut": null,
              "duration": 12694,
              "state": "passed",
              "speed": "slow",
              "pass": true,
              "fail": false,
              "pending": false,
              "context": null,
              "code": "cy.visit('https://ajio.com');\nexpect(true).to.equal(true);",
              "err": {},
              "uuid": "565c14a2-4d24-4913-ab49-69425c9a1e7e",
              "parentUUID": "255c429b-57b3-4e5b-bc60-19cdb08c2be5",
              "isHook": false,
              "skipped": false
            }
          ],
          "suites": [],
          "passes": [
            "565c14a2-4d24-4913-ab49-69425c9a1e7e"
          ],
          "failures": [],
          "pending": [],
          "skipped": [],
          "duration": 12694,
          "root": false,
          "rootEmpty": false,
          "_timeout": 2000
        }
      ],
      "passes": [],
      "failures": [],
      "pending": [],
      "skipped": [],
      "duration": 0,
      "root": true,
      "rootEmpty": true,
      "_timeout": 2000
    }
  ],
  "meta": {
    "mocha": {
      "version": "7.0.1"
    },
    "mochawesome": {
      "options": {
        "quiet": false,
        "reportFilename": "mochawesome",
        "saveHtml": false,
        "saveJson": true,
        "consoleReporter": "spec",
        "useInlineDiffs": false,
        "code": true
      },
      "version": "7.1.3"
    },
    "marge": {
      "options": {
        "reportDir": "cypress/report/.jsons",
        "charts": true,
        "reportPageTitle": "Automation Test Report",
        "reportTitle": "Execution Result",
        "showSkipped": true,
        "overwrite": false,
        "html": false,
        "json": true
      },
      "version": "6.2.0"
    }
  }
}