{
  "stats": {
    "suites": 2,
    "tests": 3,
    "passes": 3,
    "pending": 0,
    "failures": 0,
    "start": "2023-05-21T12:09:05.179Z",
    "end": "2023-05-21T12:09:40.729Z",
    "duration": 35550,
    "testsRegistered": 3,
    "passPercent": 100,
    "pendingPercent": 0,
    "other": 0,
    "hasOther": false,
    "skipped": 0,
    "hasSkipped": false
  },
  "results": [
    {
      "uuid": "42afc798-0873-4e09-9e8a-2f772c8bf0c6",
      "title": "",
      "fullFile": "cypress/integration/ecom.spec.js",
      "file": "cypress/integration/ecom.spec.js",
      "beforeHooks": [],
      "afterHooks": [],
      "tests": [],
      "suites": [
        {
          "uuid": "f4885e0b-58e7-42fd-9937-b9c10ad91f90",
          "title": "Visit Popular Ecom",
          "fullFile": "",
          "file": "",
          "beforeHooks": [],
          "afterHooks": [],
          "tests": [
            {
              "title": "Visits Amazon",
              "fullTitle": "Visit Popular Ecom Visits Amazon",
              "timedOut": null,
              "duration": 4713,
              "state": "passed",
              "speed": "fast",
              "pass": true,
              "fail": false,
              "pending": false,
              "context": null,
              "code": "cy.visit('https://amazon.com');\nexpect(true).to.equal(true);",
              "err": {},
              "uuid": "63598d9e-7399-4f48-8c5f-c971828db359",
              "parentUUID": "f4885e0b-58e7-42fd-9937-b9c10ad91f90",
              "isHook": false,
              "skipped": false
            },
            {
              "title": "Visits Flipkart",
              "fullTitle": "Visit Popular Ecom Visits Flipkart",
              "timedOut": null,
              "duration": 4929,
              "state": "passed",
              "speed": "fast",
              "pass": true,
              "fail": false,
              "pending": false,
              "context": null,
              "code": "cy.visit('https://flipkart.com');\nexpect(true).to.equal(true);",
              "err": {},
              "uuid": "1919bd1d-2df5-4022-8627-1e95c22c75ad",
              "parentUUID": "f4885e0b-58e7-42fd-9937-b9c10ad91f90",
              "isHook": false,
              "skipped": false
            }
          ],
          "suites": [],
          "passes": [
            "63598d9e-7399-4f48-8c5f-c971828db359",
            "1919bd1d-2df5-4022-8627-1e95c22c75ad"
          ],
          "failures": [],
          "pending": [],
          "skipped": [],
          "duration": 9642,
          "root": false,
          "rootEmpty": false,
          "_timeout": 2000
        },
        {
          "uuid": "decddcd6-552a-45c7-b0db-e14b18244c04",
          "title": "Visit Popular Fashion Site",
          "fullFile": "",
          "file": "",
          "beforeHooks": [],
          "afterHooks": [],
          "tests": [
            {
              "title": "Visits Ajio",
              "fullTitle": "Visit Popular Fashion Site Visits Ajio",
              "timedOut": null,
              "duration": 12160,
              "state": "passed",
              "speed": "slow",
              "pass": true,
              "fail": false,
              "pending": false,
              "context": null,
              "code": "cy.visit('https://ajio.com');\nexpect(true).to.equal(true);",
              "err": {},
              "uuid": "8ade62c4-407d-40e2-9c95-a1ecda31c4aa",
              "parentUUID": "decddcd6-552a-45c7-b0db-e14b18244c04",
              "isHook": false,
              "skipped": false
            }
          ],
          "suites": [],
          "passes": [
            "8ade62c4-407d-40e2-9c95-a1ecda31c4aa"
          ],
          "failures": [],
          "pending": [],
          "skipped": [],
          "duration": 12160,
          "root": false,
          "rootEmpty": false,
          "_timeout": 2000
        }
      ],
      "passes": [],
      "failures": [],
      "pending": [],
      "skipped": [],
      "duration": 0,
      "root": true,
      "rootEmpty": true,
      "_timeout": 2000
    }
  ],
  "meta": {
    "mocha": {
      "version": "7.0.1"
    },
    "mochawesome": {
      "options": {
        "quiet": false,
        "reportFilename": "mochawesome",
        "saveHtml": false,
        "saveJson": true,
        "consoleReporter": "spec",
        "useInlineDiffs": false,
        "code": true
      },
      "version": "7.1.3"
    },
    "marge": {
      "options": {
        "reportDir": "cypress/report/.jsons",
        "charts": true,
        "reportPageTitle": "Automation Test Report",
        "reportTitle": "Execution Result",
        "showSkipped": true,
        "overwrite": false,
        "html": false,
        "json": true
      },
      "version": "6.2.0"
    }
  }
}