{
  "stats": {
    "suites": 1,
    "tests": 1,
    "passes": 1,
    "pending": 0,
    "failures": 0,
    "start": "2022-11-27T12:10:35.622Z",
    "end": "2022-11-27T12:10:39.572Z",
    "duration": 3950,
    "testsRegistered": 1,
    "passPercent": 100,
    "pendingPercent": 0,
    "other": 0,
    "hasOther": false,
    "skipped": 0,
    "hasSkipped": false
  },
  "results": [
    {
      "uuid": "f5bbf8a0-095f-4f90-8e91-12fa040671ce",
      "title": "",
      "fullFile": "cypress/integration/github.spec.js",
      "file": "cypress/integration/github.spec.js",
      "beforeHooks": [],
      "afterHooks": [],
      "tests": [],
      "suites": [
        {
          "uuid": "3189847d-7b41-4de5-b90e-19b618492e39",
          "title": "Visit Version Control",
          "fullFile": "",
          "file": "",
          "beforeHooks": [],
          "afterHooks": [],
          "tests": [
            {
              "title": "Visits Github twice",
              "fullTitle": "Visit Version Control Visits Github twice",
              "timedOut": null,
              "duration": 2283,
              "state": "passed",
              "speed": "fast",
              "pass": true,
              "fail": false,
              "pending": false,
              "context": null,
              "code": "cy.visit('https://github.com');\ncy.visit('https://github.com');\nexpect(true).to.equal(true);",
              "err": {},
              "uuid": "c9340fcb-4e97-4130-8ce5-1dd4373bd226",
              "parentUUID": "3189847d-7b41-4de5-b90e-19b618492e39",
              "isHook": false,
              "skipped": false
            }
          ],
          "suites": [],
          "passes": [
            "c9340fcb-4e97-4130-8ce5-1dd4373bd226"
          ],
          "failures": [],
          "pending": [],
          "skipped": [],
          "duration": 2283,
          "root": false,
          "rootEmpty": false,
          "_timeout": 2000
        }
      ],
      "passes": [],
      "failures": [],
      "pending": [],
      "skipped": [],
      "duration": 0,
      "root": true,
      "rootEmpty": true,
      "_timeout": 2000
    }
  ],
  "meta": {
    "mocha": {
      "version": "7.0.1"
    },
    "mochawesome": {
      "options": {
        "quiet": false,
        "reportFilename": "mochawesome",
        "saveHtml": false,
        "saveJson": true,
        "consoleReporter": "spec",
        "useInlineDiffs": false,
        "code": true
      },
      "version": "7.1.3"
    },
    "marge": {
      "options": {
        "reportDir": "cypress/report/.jsons",
        "charts": true,
        "reportPageTitle": "Automation Test Report",
        "reportTitle": "Execution Result",
        "showSkipped": true,
        "overwrite": false,
        "html": false,
        "json": true
      },
      "version": "6.2.0"
    }
  }
}